2025-08-25T08:21:45.244195Z  INFO tailwindcss_oxide::scanner: Provided sources:
2025-08-25T08:21:45.244500Z  INFO tailwindcss_oxide::scanner: Source: PublicSourceEntry { base: "/Users/maxi.moff/deeps_mock", pattern: "**/*", negated: false }
2025-08-25T08:21:45.245026Z  INFO tailwindcss_oxide::scanner: Optimized sources:
2025-08-25T08:21:45.245034Z  INFO tailwindcss_oxide::scanner: Source: Auto { base: "/Users/maxi.moff/deeps_mock" }
2025-08-25T08:21:45.248656Z  INFO scan_sources: tailwindcss_oxide::scanner: enter
2025-08-25T08:21:45.250367Z  INFO scan_sources: tailwindcss_oxide::scanner: Discovering "/Users/maxi.moff/deeps_mock/vercel.json"
2025-08-25T08:21:45.250411Z  INFO scan_sources: tailwindcss_oxide::scanner: Discovering "/Users/maxi.moff/deeps_mock/postcss.config.mjs"
2025-08-25T08:21:45.250519Z  INFO scan_sources: tailwindcss_oxide::scanner: Discovering "/Users/maxi.moff/deeps_mock/prisma"
2025-08-25T08:21:45.250566Z  INFO scan_sources: tailwindcss_oxide::scanner: Discovering "/Users/maxi.moff/deeps_mock/prisma/migrations"
2025-08-25T08:21:45.250596Z  INFO scan_sources: tailwindcss_oxide::scanner: Discovering "/Users/maxi.moff/deeps_mock/prisma/migrations/migration_lock.toml"
2025-08-25T08:21:45.250631Z  INFO scan_sources: tailwindcss_oxide::scanner: Discovering "/Users/maxi.moff/deeps_mock/prisma/migrations/20250825051729_update_uuid_to_number"
2025-08-25T08:21:45.250658Z  INFO scan_sources: tailwindcss_oxide::scanner: Discovering "/Users/maxi.moff/deeps_mock/prisma/migrations/20250825051729_update_uuid_to_number/migration.sql"
2025-08-25T08:21:45.250696Z  INFO scan_sources: tailwindcss_oxide::scanner: Discovering "/Users/maxi.moff/deeps_mock/prisma/migrations/20250825051311_init"
2025-08-25T08:21:45.250716Z  INFO scan_sources: tailwindcss_oxide::scanner: Discovering "/Users/maxi.moff/deeps_mock/prisma/migrations/20250825051311_init/migration.sql"
2025-08-25T08:21:45.250742Z  INFO scan_sources: tailwindcss_oxide::scanner: Discovering "/Users/maxi.moff/deeps_mock/prisma/schema.prisma"
2025-08-25T08:21:45.250814Z  INFO scan_sources: tailwindcss_oxide::scanner: Discovering "/Users/maxi.moff/deeps_mock/README.md"
2025-08-25T08:21:45.250844Z  INFO scan_sources: tailwindcss_oxide::scanner: Discovering "/Users/maxi.moff/deeps_mock/public"
2025-08-25T08:21:45.250869Z  INFO scan_sources: tailwindcss_oxide::scanner: Discovering "/Users/maxi.moff/deeps_mock/public/file.svg"
2025-08-25T08:21:45.250880Z  INFO scan_sources: tailwindcss_oxide::scanner: Discovering "/Users/maxi.moff/deeps_mock/public/vercel.svg"
2025-08-25T08:21:45.250891Z  INFO scan_sources: tailwindcss_oxide::scanner: Discovering "/Users/maxi.moff/deeps_mock/public/next.svg"
2025-08-25T08:21:45.250901Z  INFO scan_sources: tailwindcss_oxide::scanner: Discovering "/Users/maxi.moff/deeps_mock/public/globe.svg"
2025-08-25T08:21:45.250911Z  INFO scan_sources: tailwindcss_oxide::scanner: Discovering "/Users/maxi.moff/deeps_mock/public/window.svg"
2025-08-25T08:21:45.250939Z  INFO scan_sources: tailwindcss_oxide::scanner: Discovering "/Users/maxi.moff/deeps_mock/package.json"
2025-08-25T08:21:45.250950Z  INFO scan_sources: tailwindcss_oxide::scanner: Discovering "/Users/maxi.moff/deeps_mock/components.json"
2025-08-25T08:21:45.250961Z  INFO scan_sources: tailwindcss_oxide::scanner: Discovering "/Users/maxi.moff/deeps_mock/tsconfig.json"
2025-08-25T08:21:45.251315Z  INFO scan_sources: tailwindcss_oxide::scanner: Discovering "/Users/maxi.moff/deeps_mock/.vercelignore"
2025-08-25T08:21:45.251333Z  INFO scan_sources: tailwindcss_oxide::scanner: Discovering "/Users/maxi.moff/deeps_mock/eslint.config.mjs"
2025-08-25T08:21:45.251346Z  INFO scan_sources: tailwindcss_oxide::scanner: Discovering "/Users/maxi.moff/deeps_mock/next.config.ts"
2025-08-25T08:21:45.251388Z  INFO scan_sources: tailwindcss_oxide::scanner: Discovering "/Users/maxi.moff/deeps_mock/src"
2025-08-25T08:21:45.251436Z  INFO scan_sources: tailwindcss_oxide::scanner: Discovering "/Users/maxi.moff/deeps_mock/src/types"
2025-08-25T08:21:45.251459Z  INFO scan_sources: tailwindcss_oxide::scanner: Discovering "/Users/maxi.moff/deeps_mock/src/types/index.ts"
2025-08-25T08:21:45.251512Z  INFO scan_sources: tailwindcss_oxide::scanner: Discovering "/Users/maxi.moff/deeps_mock/src/app"
2025-08-25T08:21:45.251556Z  INFO scan_sources: tailwindcss_oxide::scanner: Discovering "/Users/maxi.moff/deeps_mock/src/app/game"
2025-08-25T08:21:45.251577Z  INFO scan_sources: tailwindcss_oxide::scanner: Discovering "/Users/maxi.moff/deeps_mock/src/app/game/page.tsx"
2025-08-25T08:21:45.251595Z  INFO scan_sources: tailwindcss_oxide::scanner: Discovering "/Users/maxi.moff/deeps_mock/src/app/layout.tsx"
2025-08-25T08:21:45.251624Z  INFO scan_sources: tailwindcss_oxide::scanner: Discovering "/Users/maxi.moff/deeps_mock/src/app/api"
2025-08-25T08:21:45.251664Z  INFO scan_sources: tailwindcss_oxide::scanner: Discovering "/Users/maxi.moff/deeps_mock/src/app/api/quests"
2025-08-25T08:21:45.251695Z  INFO scan_sources: tailwindcss_oxide::scanner: Discovering "/Users/maxi.moff/deeps_mock/src/app/api/quests/progress"
2025-08-25T08:21:45.251715Z  INFO scan_sources: tailwindcss_oxide::scanner: Discovering "/Users/maxi.moff/deeps_mock/src/app/api/quests/progress/route.ts"
2025-08-25T08:21:45.251743Z  INFO scan_sources: tailwindcss_oxide::scanner: Discovering "/Users/maxi.moff/deeps_mock/src/app/api/quests/initialize"
2025-08-25T08:21:45.251763Z  INFO scan_sources: tailwindcss_oxide::scanner: Discovering "/Users/maxi.moff/deeps_mock/src/app/api/quests/initialize/route.ts"
2025-08-25T08:21:45.251779Z  INFO scan_sources: tailwindcss_oxide::scanner: Discovering "/Users/maxi.moff/deeps_mock/src/app/api/quests/route.ts"
2025-08-25T08:21:45.251812Z  INFO scan_sources: tailwindcss_oxide::scanner: Discovering "/Users/maxi.moff/deeps_mock/src/app/api/auth"
2025-08-25T08:21:45.251841Z  INFO scan_sources: tailwindcss_oxide::scanner: Discovering "/Users/maxi.moff/deeps_mock/src/app/api/auth/login"
2025-08-25T08:21:45.251858Z  INFO scan_sources: tailwindcss_oxide::scanner: Discovering "/Users/maxi.moff/deeps_mock/src/app/api/auth/login/route.ts"
2025-08-25T08:21:45.251897Z  INFO scan_sources: tailwindcss_oxide::scanner: Discovering "/Users/maxi.moff/deeps_mock/src/app/api/account-link"
2025-08-25T08:21:45.251927Z  INFO scan_sources: tailwindcss_oxide::scanner: Discovering "/Users/maxi.moff/deeps_mock/src/app/api/account-link/verify"
2025-08-25T08:21:45.251949Z  INFO scan_sources: tailwindcss_oxide::scanner: Discovering "/Users/maxi.moff/deeps_mock/src/app/api/account-link/verify/route.ts"
2025-08-25T08:21:45.251977Z  INFO scan_sources: tailwindcss_oxide::scanner: Discovering "/Users/maxi.moff/deeps_mock/src/app/api/account-link/request-code"
2025-08-25T08:21:45.251999Z  INFO scan_sources: tailwindcss_oxide::scanner: Discovering "/Users/maxi.moff/deeps_mock/src/app/api/account-link/request-code/route.ts"
2025-08-25T08:21:45.252029Z  INFO scan_sources: tailwindcss_oxide::scanner: Discovering "/Users/maxi.moff/deeps_mock/src/app/page.tsx"
2025-08-25T08:21:45.252044Z  INFO scan_sources: tailwindcss_oxide::scanner: Discovering "/Users/maxi.moff/deeps_mock/src/app/globals.css"
2025-08-25T08:21:45.252084Z  INFO scan_sources: tailwindcss_oxide::scanner: Discovering "/Users/maxi.moff/deeps_mock/src/components"
2025-08-25T08:21:45.252124Z  INFO scan_sources: tailwindcss_oxide::scanner: Discovering "/Users/maxi.moff/deeps_mock/src/components/ui"
2025-08-25T08:21:45.252143Z  INFO scan_sources: tailwindcss_oxide::scanner: Discovering "/Users/maxi.moff/deeps_mock/src/components/ui/card.tsx"
2025-08-25T08:21:45.252152Z  INFO scan_sources: tailwindcss_oxide::scanner: Discovering "/Users/maxi.moff/deeps_mock/src/components/ui/progress.tsx"
2025-08-25T08:21:45.252161Z  INFO scan_sources: tailwindcss_oxide::scanner: Discovering "/Users/maxi.moff/deeps_mock/src/components/ui/label.tsx"
2025-08-25T08:21:45.252170Z  INFO scan_sources: tailwindcss_oxide::scanner: Discovering "/Users/maxi.moff/deeps_mock/src/components/ui/dialog.tsx"
2025-08-25T08:21:45.252180Z  INFO scan_sources: tailwindcss_oxide::scanner: Discovering "/Users/maxi.moff/deeps_mock/src/components/ui/badge.tsx"
2025-08-25T08:21:45.252189Z  INFO scan_sources: tailwindcss_oxide::scanner: Discovering "/Users/maxi.moff/deeps_mock/src/components/ui/button.tsx"
2025-08-25T08:21:45.252208Z  INFO scan_sources: tailwindcss_oxide::scanner: Discovering "/Users/maxi.moff/deeps_mock/src/components/ui/input.tsx"
2025-08-25T08:21:45.252217Z  INFO scan_sources: tailwindcss_oxide::scanner: Discovering "/Users/maxi.moff/deeps_mock/src/components/ui/form.tsx"
2025-08-25T08:21:45.252234Z  INFO scan_sources: tailwindcss_oxide::scanner: Discovering "/Users/maxi.moff/deeps_mock/src/components/LoginForm.tsx"
2025-08-25T08:21:45.252247Z  INFO scan_sources: tailwindcss_oxide::scanner: Discovering "/Users/maxi.moff/deeps_mock/src/components/AccountLink.tsx"
2025-08-25T08:21:45.252260Z  INFO scan_sources: tailwindcss_oxide::scanner: Discovering "/Users/maxi.moff/deeps_mock/src/components/TetrisGame.tsx"
2025-08-25T08:21:45.252272Z  INFO scan_sources: tailwindcss_oxide::scanner: Discovering "/Users/maxi.moff/deeps_mock/src/components/QuestPanel.tsx"
2025-08-25T08:21:45.252305Z  INFO scan_sources: tailwindcss_oxide::scanner: Discovering "/Users/maxi.moff/deeps_mock/src/lib"
2025-08-25T08:21:45.252324Z  INFO scan_sources: tailwindcss_oxide::scanner: Discovering "/Users/maxi.moff/deeps_mock/src/lib/prisma.ts"
2025-08-25T08:21:45.252334Z  INFO scan_sources: tailwindcss_oxide::scanner: Discovering "/Users/maxi.moff/deeps_mock/src/lib/mysql-store.ts"
2025-08-25T08:21:45.252342Z  INFO scan_sources: tailwindcss_oxide::scanner: Discovering "/Users/maxi.moff/deeps_mock/src/lib/utils.ts"
2025-08-25T08:21:45.252351Z  INFO scan_sources: tailwindcss_oxide::scanner: Discovering "/Users/maxi.moff/deeps_mock/src/lib/store.ts"
2025-08-25T08:21:45.252449Z  INFO scan_sources: tailwindcss_oxide::scanner: exit
2025-08-25T08:21:45.252462Z  INFO extract_candidates: tailwindcss_oxide::scanner: enter
2025-08-25T08:21:45.252467Z  INFO extract_candidates:read_all_files: tailwindcss_oxide::scanner: enter
2025-08-25T08:21:45.252499Z  INFO extract_candidates:read_all_files: tailwindcss_oxide::scanner: Reading 44 file(s)
2025-08-25T08:21:45.252685Z  INFO tailwindcss_oxide::scanner: Reading "/Users/maxi.moff/deeps_mock/vercel.json"
2025-08-25T08:21:45.252748Z  INFO tailwindcss_oxide::scanner: Reading "/Users/maxi.moff/deeps_mock/next.config.ts"
2025-08-25T08:21:45.252741Z  INFO tailwindcss_oxide::scanner: Reading "/Users/maxi.moff/deeps_mock/src/app/api/quests/initialize/route.ts"
2025-08-25T08:21:45.252773Z  INFO tailwindcss_oxide::scanner: Reading "/Users/maxi.moff/deeps_mock/src/app/game/page.tsx"
2025-08-25T08:21:45.252812Z  INFO tailwindcss_oxide::scanner: Reading "/Users/maxi.moff/deeps_mock/postcss.config.mjs"
2025-08-25T08:21:45.252832Z  INFO tailwindcss_oxide::scanner: Reading "/Users/maxi.moff/deeps_mock/src/app/api/quests/route.ts"
2025-08-25T08:21:45.252832Z  INFO tailwindcss_oxide::scanner: Reading "/Users/maxi.moff/deeps_mock/src/app/layout.tsx"
2025-08-25T08:21:45.252894Z  INFO tailwindcss_oxide::scanner: Reading "/Users/maxi.moff/deeps_mock/src/app/api/auth/login/route.ts"
2025-08-25T08:21:45.252911Z  INFO tailwindcss_oxide::scanner: Reading "/Users/maxi.moff/deeps_mock/src/app/api/quests/progress/route.ts"
2025-08-25T08:21:45.252959Z  INFO tailwindcss_oxide::scanner: Reading "/Users/maxi.moff/deeps_mock/src/app/api/account-link/verify/route.ts"
2025-08-25T08:21:45.252963Z  INFO tailwindcss_oxide::scanner: Reading "/Users/maxi.moff/deeps_mock/package.json"
2025-08-25T08:21:45.253015Z  INFO tailwindcss_oxide::scanner: Reading "/Users/maxi.moff/deeps_mock/src/app/api/account-link/request-code/route.ts"
2025-08-25T08:21:45.253060Z  INFO tailwindcss_oxide::scanner: Reading "/Users/maxi.moff/deeps_mock/src/app/page.tsx"
2025-08-25T08:21:45.253090Z  INFO tailwindcss_oxide::scanner: Reading "/Users/maxi.moff/deeps_mock/src/components/ui/card.tsx"
2025-08-25T08:21:45.254203Z  INFO tailwindcss_oxide::scanner: Reading "/Users/maxi.moff/deeps_mock/public/window.svg"
2025-08-25T08:21:45.254506Z  INFO tailwindcss_oxide::scanner: Reading "/Users/maxi.moff/deeps_mock/eslint.config.mjs"
2025-08-25T08:21:45.254615Z  INFO tailwindcss_oxide::scanner: Reading "/Users/maxi.moff/deeps_mock/src/types/index.ts"
2025-08-25T08:21:45.254720Z  INFO tailwindcss_oxide::scanner: Reading "/Users/maxi.moff/deeps_mock/prisma/schema.prisma"
2025-08-25T08:21:45.254949Z  INFO tailwindcss_oxide::scanner: Reading "/Users/maxi.moff/deeps_mock/src/components/ui/progress.tsx"
2025-08-25T08:21:45.254975Z  INFO tailwindcss_oxide::scanner: Reading "/Users/maxi.moff/deeps_mock/prisma/migrations/migration_lock.toml"
2025-08-25T08:21:45.254993Z  INFO tailwindcss_oxide::scanner: Reading "/Users/maxi.moff/deeps_mock/components.json"
2025-08-25T08:21:45.255010Z  INFO tailwindcss_oxide::scanner: Reading "/Users/maxi.moff/deeps_mock/prisma/migrations/20250825051729_update_uuid_to_number/migration.sql"
2025-08-25T08:21:45.255054Z  INFO tailwindcss_oxide::scanner: Reading "/Users/maxi.moff/deeps_mock/tsconfig.json"
2025-08-25T08:21:45.255856Z  INFO tailwindcss_oxide::scanner: Reading "/Users/maxi.moff/deeps_mock/public/vercel.svg"
2025-08-25T08:21:45.255882Z  INFO tailwindcss_oxide::scanner: Reading "/Users/maxi.moff/deeps_mock/prisma/migrations/20250825051311_init/migration.sql"
2025-08-25T08:21:45.255862Z  INFO tailwindcss_oxide::scanner: Reading "/Users/maxi.moff/deeps_mock/public/next.svg"
2025-08-25T08:21:45.255896Z  INFO tailwindcss_oxide::scanner: Reading "/Users/maxi.moff/deeps_mock/src/components/ui/button.tsx"
2025-08-25T08:21:45.255919Z  INFO tailwindcss_oxide::scanner: Reading "/Users/maxi.moff/deeps_mock/src/components/TetrisGame.tsx"
2025-08-25T08:21:45.255964Z  INFO tailwindcss_oxide::scanner: Reading "/Users/maxi.moff/deeps_mock/src/lib/mysql-store.ts"
2025-08-25T08:21:45.255971Z  INFO tailwindcss_oxide::scanner: Reading "/Users/maxi.moff/deeps_mock/src/components/QuestPanel.tsx"
2025-08-25T08:21:45.256020Z  INFO tailwindcss_oxide::scanner: Reading "/Users/maxi.moff/deeps_mock/src/lib/prisma.ts"
2025-08-25T08:21:45.256699Z  INFO tailwindcss_oxide::scanner: Reading "/Users/maxi.moff/deeps_mock/README.md"
2025-08-25T08:21:45.259473Z  INFO tailwindcss_oxide::scanner: Reading "/Users/maxi.moff/deeps_mock/src/components/ui/label.tsx"
2025-08-25T08:21:45.259561Z  INFO tailwindcss_oxide::scanner: Reading "/Users/maxi.moff/deeps_mock/public/globe.svg"
2025-08-25T08:21:45.259587Z  INFO tailwindcss_oxide::scanner: Reading "/Users/maxi.moff/deeps_mock/src/components/ui/badge.tsx"
2025-08-25T08:21:45.259615Z  INFO tailwindcss_oxide::scanner: Reading "/Users/maxi.moff/deeps_mock/src/components/LoginForm.tsx"
2025-08-25T08:21:45.259635Z  INFO tailwindcss_oxide::scanner: Reading "/Users/maxi.moff/deeps_mock/public/file.svg"
2025-08-25T08:21:45.259642Z  INFO tailwindcss_oxide::scanner: Reading "/Users/maxi.moff/deeps_mock/src/components/AccountLink.tsx"
2025-08-25T08:21:45.259659Z  INFO tailwindcss_oxide::scanner: Reading "/Users/maxi.moff/deeps_mock/.vercelignore"
2025-08-25T08:21:45.259949Z  INFO tailwindcss_oxide::scanner: Reading "/Users/maxi.moff/deeps_mock/src/components/ui/input.tsx"
2025-08-25T08:21:45.260032Z  INFO tailwindcss_oxide::scanner: Reading "/Users/maxi.moff/deeps_mock/src/lib/utils.ts"
2025-08-25T08:21:45.261033Z  INFO tailwindcss_oxide::scanner: Reading "/Users/maxi.moff/deeps_mock/src/lib/store.ts"
2025-08-25T08:21:45.261352Z  INFO tailwindcss_oxide::scanner: Reading "/Users/maxi.moff/deeps_mock/src/components/ui/form.tsx"
2025-08-25T08:21:45.261533Z  INFO tailwindcss_oxide::scanner: Reading "/Users/maxi.moff/deeps_mock/src/components/ui/dialog.tsx"
2025-08-25T08:21:45.261644Z  INFO extract_candidates:read_all_files: tailwindcss_oxide::scanner: exit
2025-08-25T08:21:45.261654Z  INFO extract_candidates:parse_all_blobs: tailwindcss_oxide::scanner: enter
2025-08-25T08:21:45.261659Z  INFO extract_candidates:parse_all_blobs:extract: tailwindcss_oxide::scanner: enter
2025-08-25T08:21:45.263173Z  INFO extract_candidates:parse_all_blobs:extract: tailwindcss_oxide::scanner: exit
2025-08-25T08:21:45.263185Z  INFO extract_candidates:parse_all_blobs: tailwindcss_oxide::scanner: exit
2025-08-25T08:21:45.263190Z  INFO extract_candidates:read_all_files: tailwindcss_oxide::scanner: enter
2025-08-25T08:21:45.263218Z  INFO extract_candidates:read_all_files: tailwindcss_oxide::scanner: Reading 1 file(s)
2025-08-25T08:21:45.263335Z  INFO extract_candidates:read_all_files: tailwindcss_oxide::scanner: Reading "/Users/maxi.moff/deeps_mock/src/app/globals.css"
2025-08-25T08:21:45.263371Z  INFO extract_candidates:read_all_files: tailwindcss_oxide::scanner: exit
2025-08-25T08:21:45.263399Z  INFO extract_candidates:extract_css_variables: tailwindcss_oxide::scanner: enter
2025-08-25T08:21:45.263406Z  INFO extract_candidates:extract_css_variables:extract: tailwindcss_oxide::scanner: enter
2025-08-25T08:21:45.263488Z  INFO extract_candidates:extract_css_variables:extract: tailwindcss_oxide::scanner: exit
2025-08-25T08:21:45.263494Z  INFO extract_candidates:extract_css_variables: tailwindcss_oxide::scanner: exit
2025-08-25T08:21:45.263785Z  INFO extract_candidates: tailwindcss_oxide::scanner: exit
2025-08-25T08:21:45.264221Z  INFO get_files: tailwindcss_oxide::scanner: enter
2025-08-25T08:21:45.264229Z  INFO get_files:scan_sources: tailwindcss_oxide::scanner: enter
2025-08-25T08:21:45.264787Z  INFO get_files:scan_sources: tailwindcss_oxide::scanner: Discovering "/Users/maxi.moff/deeps_mock/prisma"
2025-08-25T08:21:45.264829Z  INFO get_files:scan_sources: tailwindcss_oxide::scanner: Discovering "/Users/maxi.moff/deeps_mock/prisma/migrations"
2025-08-25T08:21:45.264881Z  INFO get_files:scan_sources: tailwindcss_oxide::scanner: Discovering "/Users/maxi.moff/deeps_mock/prisma/migrations/20250825051729_update_uuid_to_number"
2025-08-25T08:21:45.264942Z  INFO get_files:scan_sources: tailwindcss_oxide::scanner: Discovering "/Users/maxi.moff/deeps_mock/prisma/migrations/20250825051311_init"
2025-08-25T08:21:45.265046Z  INFO get_files:scan_sources: tailwindcss_oxide::scanner: Discovering "/Users/maxi.moff/deeps_mock/public"
2025-08-25T08:21:45.265189Z  INFO get_files:scan_sources: tailwindcss_oxide::scanner: Discovering "/Users/maxi.moff/deeps_mock/src"
2025-08-25T08:21:45.265223Z  INFO get_files:scan_sources: tailwindcss_oxide::scanner: Discovering "/Users/maxi.moff/deeps_mock/src/types"
2025-08-25T08:21:45.265268Z  INFO get_files:scan_sources: tailwindcss_oxide::scanner: Discovering "/Users/maxi.moff/deeps_mock/src/app"
2025-08-25T08:21:45.265302Z  INFO get_files:scan_sources: tailwindcss_oxide::scanner: Discovering "/Users/maxi.moff/deeps_mock/src/app/game"
2025-08-25T08:21:45.265354Z  INFO get_files:scan_sources: tailwindcss_oxide::scanner: Discovering "/Users/maxi.moff/deeps_mock/src/app/api"
2025-08-25T08:21:45.265388Z  INFO get_files:scan_sources: tailwindcss_oxide::scanner: Discovering "/Users/maxi.moff/deeps_mock/src/app/api/quests"
2025-08-25T08:21:45.265427Z  INFO get_files:scan_sources: tailwindcss_oxide::scanner: Discovering "/Users/maxi.moff/deeps_mock/src/app/api/quests/progress"
2025-08-25T08:21:45.265472Z  INFO get_files:scan_sources: tailwindcss_oxide::scanner: Discovering "/Users/maxi.moff/deeps_mock/src/app/api/quests/initialize"
2025-08-25T08:21:45.265525Z  INFO get_files:scan_sources: tailwindcss_oxide::scanner: Discovering "/Users/maxi.moff/deeps_mock/src/app/api/auth"
2025-08-25T08:21:45.265560Z  INFO get_files:scan_sources: tailwindcss_oxide::scanner: Discovering "/Users/maxi.moff/deeps_mock/src/app/api/auth/login"
2025-08-25T08:21:45.265605Z  INFO get_files:scan_sources: tailwindcss_oxide::scanner: Discovering "/Users/maxi.moff/deeps_mock/src/app/api/account-link"
2025-08-25T08:21:45.265635Z  INFO get_files:scan_sources: tailwindcss_oxide::scanner: Discovering "/Users/maxi.moff/deeps_mock/src/app/api/account-link/verify"
2025-08-25T08:21:45.265678Z  INFO get_files:scan_sources: tailwindcss_oxide::scanner: Discovering "/Users/maxi.moff/deeps_mock/src/app/api/account-link/request-code"
2025-08-25T08:21:45.265746Z  INFO get_files:scan_sources: tailwindcss_oxide::scanner: Discovering "/Users/maxi.moff/deeps_mock/src/components"
2025-08-25T08:21:45.265778Z  INFO get_files:scan_sources: tailwindcss_oxide::scanner: Discovering "/Users/maxi.moff/deeps_mock/src/components/ui"
2025-08-25T08:21:45.265875Z  INFO get_files:scan_sources: tailwindcss_oxide::scanner: Discovering "/Users/maxi.moff/deeps_mock/src/lib"
2025-08-25T08:21:45.265965Z  INFO get_files:scan_sources: tailwindcss_oxide::scanner: exit
2025-08-25T08:21:45.266046Z  INFO get_files: tailwindcss_oxide::scanner: exit
2025-08-25T08:21:45.266138Z  INFO get_globs: tailwindcss_oxide::scanner: enter
2025-08-25T08:21:45.266143Z  INFO get_globs:scan_sources: tailwindcss_oxide::scanner: enter
2025-08-25T08:21:45.266591Z  INFO get_globs:scan_sources: tailwindcss_oxide::scanner: Discovering "/Users/maxi.moff/deeps_mock/prisma"
2025-08-25T08:21:45.266628Z  INFO get_globs:scan_sources: tailwindcss_oxide::scanner: Discovering "/Users/maxi.moff/deeps_mock/prisma/migrations"
2025-08-25T08:21:45.266678Z  INFO get_globs:scan_sources: tailwindcss_oxide::scanner: Discovering "/Users/maxi.moff/deeps_mock/prisma/migrations/20250825051729_update_uuid_to_number"
2025-08-25T08:21:45.266735Z  INFO get_globs:scan_sources: tailwindcss_oxide::scanner: Discovering "/Users/maxi.moff/deeps_mock/prisma/migrations/20250825051311_init"
2025-08-25T08:21:45.266843Z  INFO get_globs:scan_sources: tailwindcss_oxide::scanner: Discovering "/Users/maxi.moff/deeps_mock/public"
2025-08-25T08:21:45.266971Z  INFO get_globs:scan_sources: tailwindcss_oxide::scanner: Discovering "/Users/maxi.moff/deeps_mock/src"
2025-08-25T08:21:45.267002Z  INFO get_globs:scan_sources: tailwindcss_oxide::scanner: Discovering "/Users/maxi.moff/deeps_mock/src/types"
2025-08-25T08:21:45.267047Z  INFO get_globs:scan_sources: tailwindcss_oxide::scanner: Discovering "/Users/maxi.moff/deeps_mock/src/app"
2025-08-25T08:21:45.267082Z  INFO get_globs:scan_sources: tailwindcss_oxide::scanner: Discovering "/Users/maxi.moff/deeps_mock/src/app/game"
2025-08-25T08:21:45.267124Z  INFO get_globs:scan_sources: tailwindcss_oxide::scanner: Discovering "/Users/maxi.moff/deeps_mock/src/app/api"
2025-08-25T08:21:45.267154Z  INFO get_globs:scan_sources: tailwindcss_oxide::scanner: Discovering "/Users/maxi.moff/deeps_mock/src/app/api/quests"
2025-08-25T08:21:45.267182Z  INFO get_globs:scan_sources: tailwindcss_oxide::scanner: Discovering "/Users/maxi.moff/deeps_mock/src/app/api/quests/progress"
2025-08-25T08:21:45.267225Z  INFO get_globs:scan_sources: tailwindcss_oxide::scanner: Discovering "/Users/maxi.moff/deeps_mock/src/app/api/quests/initialize"
2025-08-25T08:21:45.267274Z  INFO get_globs:scan_sources: tailwindcss_oxide::scanner: Discovering "/Users/maxi.moff/deeps_mock/src/app/api/auth"
2025-08-25T08:21:45.267302Z  INFO get_globs:scan_sources: tailwindcss_oxide::scanner: Discovering "/Users/maxi.moff/deeps_mock/src/app/api/auth/login"
2025-08-25T08:21:45.267348Z  INFO get_globs:scan_sources: tailwindcss_oxide::scanner: Discovering "/Users/maxi.moff/deeps_mock/src/app/api/account-link"
2025-08-25T08:21:45.267377Z  INFO get_globs:scan_sources: tailwindcss_oxide::scanner: Discovering "/Users/maxi.moff/deeps_mock/src/app/api/account-link/verify"
2025-08-25T08:21:45.267417Z  INFO get_globs:scan_sources: tailwindcss_oxide::scanner: Discovering "/Users/maxi.moff/deeps_mock/src/app/api/account-link/request-code"
2025-08-25T08:21:45.267481Z  INFO get_globs:scan_sources: tailwindcss_oxide::scanner: Discovering "/Users/maxi.moff/deeps_mock/src/components"
2025-08-25T08:21:45.267511Z  INFO get_globs:scan_sources: tailwindcss_oxide::scanner: Discovering "/Users/maxi.moff/deeps_mock/src/components/ui"
2025-08-25T08:21:45.267597Z  INFO get_globs:scan_sources: tailwindcss_oxide::scanner: Discovering "/Users/maxi.moff/deeps_mock/src/lib"
2025-08-25T08:21:45.267668Z  INFO get_globs:scan_sources: tailwindcss_oxide::scanner: exit
2025-08-25T08:21:45.269284Z  INFO get_globs: tailwindcss_oxide::scanner: exit
